CRITICAL - 2023-04-22 05:20:19 --> Invalid file: "listar.php"
in SYSTEMPATH\Exceptions\FrameworkException.php on line 33.
 1 SYSTEMPATH\View\View.php(201): CodeIgniter\Exceptions\FrameworkException::forInvalidFile('listar.php')
 2 SYSTEMPATH\Common.php(1184): CodeIgniter\View\View->render('listar', [], true)
 3 APPPATH\Controllers\Home.php(9): view('listar')
 4 SYSTEMPATH\CodeIgniter.php(934): App\Controllers\Home->index()
 5 SYSTEMPATH\CodeIgniter.php(499): CodeIgniter\CodeIgniter->runController(Object(App\Controllers\Home))
 6 SYSTEMPATH\CodeIgniter.php(368): CodeIgniter\CodeIgniter->handleRequest(null, Object(Config\Cache), false)
 7 FCPATH\index.php(67): CodeIgniter\CodeIgniter->run()
CRITICAL - 2023-04-22 19:27:02 --> Invalid file: "libros/l1istar.php"
in SYSTEMPATH\Exceptions\FrameworkException.php on line 33.
 1 SYSTEMPATH\View\View.php(201): CodeIgniter\Exceptions\FrameworkException::forInvalidFile('libros/l1istar.php')
 2 SYSTEMPATH\Common.php(1184): CodeIgniter\View\View->render('libros/l1istar', [], true)
 3 APPPATH\Controllers\Home.php(9): view('libros/l1istar')
 4 SYSTEMPATH\CodeIgniter.php(934): App\Controllers\Home->index()
 5 SYSTEMPATH\CodeIgniter.php(499): CodeIgniter\CodeIgniter->runController(Object(App\Controllers\Home))
 6 SYSTEMPATH\CodeIgniter.php(368): CodeIgniter\CodeIgniter->handleRequest(null, Object(Config\Cache), false)
 7 FCPATH\index.php(67): CodeIgniter\CodeIgniter->run()
CRITICAL - 2023-04-22 19:34:07 --> Cannot use [] for reading
in APPPATH\Views\libros\listar.php on line 11.
 1 [internal function]: CodeIgniter\Debug\Exceptions->shutdownHandler()
CRITICAL - 2023-04-22 19:47:08 --> Use of undefined constant ENVIROMENT - assumed 'ENVIROMENT' (this will throw an Error in a future version of PHP)
in SYSTEMPATH\Database\Config.php on line 94.
 1 SYSTEMPATH\Database\Config.php(94): CodeIgniter\Debug\Exceptions->errorHandler(2, 'Use of undefined constant ENVIROMENT - assumed \'ENVIROMENT\' (this will throw an Error in a future version of PHP)', 'C:\\xampp\\htdocs\\bibliotecaCI\\system\\Database\\Config.php', 94, [])
 2 SYSTEMPATH\Debug\Toolbar\Collectors\Database.php(251): CodeIgniter\Database\Config::getConnections()
 3 SYSTEMPATH\Debug\Toolbar\Collectors\Database.php(70): CodeIgniter\Debug\Toolbar\Collectors\Database->getConnections()
 4 SYSTEMPATH\Debug\Toolbar.php(65): CodeIgniter\Debug\Toolbar\Collectors\Database->__construct()
 5 SYSTEMPATH\Config\Services.php(723): CodeIgniter\Debug\Toolbar->__construct(Object(Config\Toolbar))
 6 SYSTEMPATH\Config\BaseService.php(252): CodeIgniter\Config\Services::toolbar(Object(Config\Toolbar), false)
 7 SYSTEMPATH\Config\BaseService.php(193): CodeIgniter\Config\BaseService::__callStatic('toolbar', [...])
 8 SYSTEMPATH\Config\Services.php(718): CodeIgniter\Config\BaseService::getSharedInstance('toolbar', null)
 9 SYSTEMPATH\Config\BaseService.php(252): CodeIgniter\Config\Services::toolbar()
10 SYSTEMPATH\Filters\DebugToolbar.php(40): CodeIgniter\Config\BaseService::__callStatic('toolbar', [])
11 SYSTEMPATH\Filters\Filters.php(196): CodeIgniter\Filters\DebugToolbar->after(Object(CodeIgniter\HTTP\IncomingRequest), Object(CodeIgniter\HTTP\Response), null)
12 SYSTEMPATH\CodeIgniter.php(519): CodeIgniter\Filters\Filters->run('/', 'after')
13 SYSTEMPATH\CodeIgniter.php(368): CodeIgniter\CodeIgniter->handleRequest(null, Object(Config\Cache), false)
14 FCPATH\index.php(67): CodeIgniter\CodeIgniter->run()
CRITICAL - 2023-04-22 19:47:28 --> Use of undefined constant XD - assumed 'XD' (this will throw an Error in a future version of PHP)
in SYSTEMPATH\Database\Config.php on line 94.
 1 SYSTEMPATH\Database\Config.php(94): CodeIgniter\Debug\Exceptions->errorHandler(2, 'Use of undefined constant XD - assumed \'XD\' (this will throw an Error in a future version of PHP)', 'C:\\xampp\\htdocs\\bibliotecaCI\\system\\Database\\Config.php', 94, [])
 2 SYSTEMPATH\Debug\Toolbar\Collectors\Database.php(251): CodeIgniter\Database\Config::getConnections()
 3 SYSTEMPATH\Debug\Toolbar\Collectors\Database.php(70): CodeIgniter\Debug\Toolbar\Collectors\Database->getConnections()
 4 SYSTEMPATH\Debug\Toolbar.php(65): CodeIgniter\Debug\Toolbar\Collectors\Database->__construct()
 5 SYSTEMPATH\Config\Services.php(723): CodeIgniter\Debug\Toolbar->__construct(Object(Config\Toolbar))
 6 SYSTEMPATH\Config\BaseService.php(252): CodeIgniter\Config\Services::toolbar(Object(Config\Toolbar), false)
 7 SYSTEMPATH\Config\BaseService.php(193): CodeIgniter\Config\BaseService::__callStatic('toolbar', [...])
 8 SYSTEMPATH\Config\Services.php(718): CodeIgniter\Config\BaseService::getSharedInstance('toolbar', null)
 9 SYSTEMPATH\Config\BaseService.php(252): CodeIgniter\Config\Services::toolbar()
10 SYSTEMPATH\Filters\DebugToolbar.php(40): CodeIgniter\Config\BaseService::__callStatic('toolbar', [])
11 SYSTEMPATH\Filters\Filters.php(196): CodeIgniter\Filters\DebugToolbar->after(Object(CodeIgniter\HTTP\IncomingRequest), Object(CodeIgniter\HTTP\Response), null)
12 SYSTEMPATH\CodeIgniter.php(519): CodeIgniter\Filters\Filters->run('/', 'after')
13 SYSTEMPATH\CodeIgniter.php(368): CodeIgniter\CodeIgniter->handleRequest(null, Object(Config\Cache), false)
14 FCPATH\index.php(67): CodeIgniter\CodeIgniter->run()
CRITICAL - 2023-04-22 19:55:12 --> syntax error, unexpected 'endforeach' (T_ENDFOREACH), expecting end of file
in APPPATH\Views\libros\listar.php on line 30.
 1 SYSTEMPATH\View\View.php(216): CodeIgniter\View\View->CodeIgniter\View\{closure}()
 2 SYSTEMPATH\Common.php(1184): CodeIgniter\View\View->render('libros/listar', [], true)
 3 APPPATH\Controllers\Home.php(9): view('libros/listar')
 4 SYSTEMPATH\CodeIgniter.php(934): App\Controllers\Home->index()
 5 SYSTEMPATH\CodeIgniter.php(499): CodeIgniter\CodeIgniter->runController(Object(App\Controllers\Home))
 6 SYSTEMPATH\CodeIgniter.php(368): CodeIgniter\CodeIgniter->handleRequest(null, Object(Config\Cache), false)
 7 FCPATH\index.php(67): CodeIgniter\CodeIgniter->run()
CRITICAL - 2023-04-22 19:56:07 --> syntax error, unexpected 'endforeach' (T_ENDFOREACH), expecting end of file
in APPPATH\Views\libros\listar.php on line 30.
 1 SYSTEMPATH\View\View.php(216): CodeIgniter\View\View->CodeIgniter\View\{closure}()
 2 SYSTEMPATH\Common.php(1184): CodeIgniter\View\View->render('libros/listar', [], true)
 3 APPPATH\Controllers\Home.php(9): view('libros/listar')
 4 SYSTEMPATH\CodeIgniter.php(934): App\Controllers\Home->index()
 5 SYSTEMPATH\CodeIgniter.php(499): CodeIgniter\CodeIgniter->runController(Object(App\Controllers\Home))
 6 SYSTEMPATH\CodeIgniter.php(368): CodeIgniter\CodeIgniter->handleRequest(null, Object(Config\Cache), false)
 7 FCPATH\index.php(67): CodeIgniter\CodeIgniter->run()
CRITICAL - 2023-04-22 19:56:29 --> syntax error, unexpected 'endforeach' (T_ENDFOREACH), expecting end of file
in APPPATH\Views\libros\listar.php on line 30.
 1 SYSTEMPATH\View\View.php(216): CodeIgniter\View\View->CodeIgniter\View\{closure}()
 2 SYSTEMPATH\Common.php(1184): CodeIgniter\View\View->render('libros/listar', [], true)
 3 APPPATH\Controllers\Home.php(9): view('libros/listar')
 4 SYSTEMPATH\CodeIgniter.php(934): App\Controllers\Home->index()
 5 SYSTEMPATH\CodeIgniter.php(499): CodeIgniter\CodeIgniter->runController(Object(App\Controllers\Home))
 6 SYSTEMPATH\CodeIgniter.php(368): CodeIgniter\CodeIgniter->handleRequest(null, Object(Config\Cache), false)
 7 FCPATH\index.php(67): CodeIgniter\CodeIgniter->run()
CRITICAL - 2023-04-22 19:56:56 --> Invalid argument supplied for foreach()
in APPPATH\Views\libros\listar.php on line 23.
 1 APPPATH\Views\libros\listar.php(23): CodeIgniter\Debug\Exceptions->errorHandler(2, 'Invalid argument supplied for foreach()', 'C:\\xampp\\htdocs\\bibliotecaCI\\app\\Views\\libros\\listar.php', 23, [])
 2 SYSTEMPATH\View\View.php(213): include('C:\\xampp\\htdocs\\bibliotecaCI\\app\\Views\\libros\\listar.php')
 3 SYSTEMPATH\View\View.php(216): CodeIgniter\View\View->CodeIgniter\View\{closure}()
 4 SYSTEMPATH\Common.php(1184): CodeIgniter\View\View->render('libros/listar', [], true)
 5 APPPATH\Controllers\Home.php(9): view('libros/listar')
 6 SYSTEMPATH\CodeIgniter.php(934): App\Controllers\Home->index()
 7 SYSTEMPATH\CodeIgniter.php(499): CodeIgniter\CodeIgniter->runController(Object(App\Controllers\Home))
 8 SYSTEMPATH\CodeIgniter.php(368): CodeIgniter\CodeIgniter->handleRequest(null, Object(Config\Cache), false)
 9 FCPATH\index.php(67): CodeIgniter\CodeIgniter->run()
CRITICAL - 2023-04-22 19:57:38 --> syntax error, unexpected 'endforeach' (T_ENDFOREACH), expecting end of file
in APPPATH\Views\libros\listar.php on line 30.
 1 SYSTEMPATH\View\View.php(216): CodeIgniter\View\View->CodeIgniter\View\{closure}()
 2 SYSTEMPATH\Common.php(1184): CodeIgniter\View\View->render('libros/listar', [], true)
 3 APPPATH\Controllers\Home.php(9): view('libros/listar')
 4 SYSTEMPATH\CodeIgniter.php(934): App\Controllers\Home->index()
 5 SYSTEMPATH\CodeIgniter.php(499): CodeIgniter\CodeIgniter->runController(Object(App\Controllers\Home))
 6 SYSTEMPATH\CodeIgniter.php(368): CodeIgniter\CodeIgniter->handleRequest(null, Object(Config\Cache), false)
 7 FCPATH\index.php(67): CodeIgniter\CodeIgniter->run()
CRITICAL - 2023-04-22 19:58:17 --> Invalid argument supplied for foreach()
in APPPATH\Views\libros\listar.php on line 23.
 1 APPPATH\Views\libros\listar.php(23): CodeIgniter\Debug\Exceptions->errorHandler(2, 'Invalid argument supplied for foreach()', 'C:\\xampp\\htdocs\\bibliotecaCI\\app\\Views\\libros\\listar.php', 23, [])
 2 SYSTEMPATH\View\View.php(213): include('C:\\xampp\\htdocs\\bibliotecaCI\\app\\Views\\libros\\listar.php')
 3 SYSTEMPATH\View\View.php(216): CodeIgniter\View\View->CodeIgniter\View\{closure}()
 4 SYSTEMPATH\Common.php(1184): CodeIgniter\View\View->render('libros/listar', [], true)
 5 APPPATH\Controllers\Home.php(9): view('libros/listar')
 6 SYSTEMPATH\CodeIgniter.php(934): App\Controllers\Home->index()
 7 SYSTEMPATH\CodeIgniter.php(499): CodeIgniter\CodeIgniter->runController(Object(App\Controllers\Home))
 8 SYSTEMPATH\CodeIgniter.php(368): CodeIgniter\CodeIgniter->handleRequest(null, Object(Config\Cache), false)
 9 FCPATH\index.php(67): CodeIgniter\CodeIgniter->run()
CRITICAL - 2023-04-22 19:58:33 --> Invalid argument supplied for foreach()
in APPPATH\Views\libros\listar.php on line 23.
 1 APPPATH\Views\libros\listar.php(23): CodeIgniter\Debug\Exceptions->errorHandler(2, 'Invalid argument supplied for foreach()', 'C:\\xampp\\htdocs\\bibliotecaCI\\app\\Views\\libros\\listar.php', 23, [])
 2 SYSTEMPATH\View\View.php(213): include('C:\\xampp\\htdocs\\bibliotecaCI\\app\\Views\\libros\\listar.php')
 3 SYSTEMPATH\View\View.php(216): CodeIgniter\View\View->CodeIgniter\View\{closure}()
 4 SYSTEMPATH\Common.php(1184): CodeIgniter\View\View->render('libros/listar', [], true)
 5 APPPATH\Controllers\Home.php(9): view('libros/listar')
 6 SYSTEMPATH\CodeIgniter.php(934): App\Controllers\Home->index()
 7 SYSTEMPATH\CodeIgniter.php(499): CodeIgniter\CodeIgniter->runController(Object(App\Controllers\Home))
 8 SYSTEMPATH\CodeIgniter.php(368): CodeIgniter\CodeIgniter->handleRequest(null, Object(Config\Cache), false)
 9 FCPATH\index.php(67): CodeIgniter\CodeIgniter->run()
CRITICAL - 2023-04-22 19:59:27 --> Invalid argument supplied for foreach()
in APPPATH\Views\libros\listar.php on line 23.
 1 APPPATH\Views\libros\listar.php(23): CodeIgniter\Debug\Exceptions->errorHandler(2, 'Invalid argument supplied for foreach()', 'C:\\xampp\\htdocs\\bibliotecaCI\\app\\Views\\libros\\listar.php', 23, [])
 2 SYSTEMPATH\View\View.php(213): include('C:\\xampp\\htdocs\\bibliotecaCI\\app\\Views\\libros\\listar.php')
 3 SYSTEMPATH\View\View.php(216): CodeIgniter\View\View->CodeIgniter\View\{closure}()
 4 SYSTEMPATH\Common.php(1184): CodeIgniter\View\View->render('libros/listar', [], true)
 5 APPPATH\Controllers\Home.php(9): view('libros/listar')
 6 SYSTEMPATH\CodeIgniter.php(934): App\Controllers\Home->index()
 7 SYSTEMPATH\CodeIgniter.php(499): CodeIgniter\CodeIgniter->runController(Object(App\Controllers\Home))
 8 SYSTEMPATH\CodeIgniter.php(368): CodeIgniter\CodeIgniter->handleRequest(null, Object(Config\Cache), false)
 9 FCPATH\index.php(67): CodeIgniter\CodeIgniter->run()
CRITICAL - 2023-04-22 20:04:00 --> Invalid argument supplied for foreach()
in APPPATH\Views\libros\listar.php on line 23.
 1 APPPATH\Views\libros\listar.php(23): CodeIgniter\Debug\Exceptions->errorHandler(2, 'Invalid argument supplied for foreach()', 'C:\\xampp\\htdocs\\bibliotecaCI\\app\\Views\\libros\\listar.php', 23, [])
 2 SYSTEMPATH\View\View.php(213): include('C:\\xampp\\htdocs\\bibliotecaCI\\app\\Views\\libros\\listar.php')
 3 SYSTEMPATH\View\View.php(216): CodeIgniter\View\View->CodeIgniter\View\{closure}()
 4 SYSTEMPATH\Common.php(1184): CodeIgniter\View\View->render('libros/listar', [], true)
 5 APPPATH\Controllers\Home.php(9): view('libros/listar')
 6 SYSTEMPATH\CodeIgniter.php(934): App\Controllers\Home->index()
 7 SYSTEMPATH\CodeIgniter.php(499): CodeIgniter\CodeIgniter->runController(Object(App\Controllers\Home))
 8 SYSTEMPATH\CodeIgniter.php(368): CodeIgniter\CodeIgniter->handleRequest(null, Object(Config\Cache), false)
 9 FCPATH\index.php(67): CodeIgniter\CodeIgniter->run()
CRITICAL - 2023-04-22 20:31:19 --> Invalid argument supplied for foreach()
in APPPATH\Views\libros\listar.php on line 23.
 1 APPPATH\Views\libros\listar.php(23): CodeIgniter\Debug\Exceptions->errorHandler(2, 'Invalid argument supplied for foreach()', 'C:\\xampp\\htdocs\\bibliotecaCI\\app\\Views\\libros\\listar.php', 23, [])
 2 SYSTEMPATH\View\View.php(213): include('C:\\xampp\\htdocs\\bibliotecaCI\\app\\Views\\libros\\listar.php')
 3 SYSTEMPATH\View\View.php(216): CodeIgniter\View\View->CodeIgniter\View\{closure}()
 4 SYSTEMPATH\Common.php(1184): CodeIgniter\View\View->render('libros/listar', [], true)
 5 APPPATH\Controllers\Home.php(9): view('libros/listar')
 6 SYSTEMPATH\CodeIgniter.php(934): App\Controllers\Home->index()
 7 SYSTEMPATH\CodeIgniter.php(499): CodeIgniter\CodeIgniter->runController(Object(App\Controllers\Home))
 8 SYSTEMPATH\CodeIgniter.php(368): CodeIgniter\CodeIgniter->handleRequest(null, Object(Config\Cache), false)
 9 FCPATH\index.php(67): CodeIgniter\CodeIgniter->run()
CRITICAL - 2023-04-22 20:31:28 --> Invalid argument supplied for foreach()
in APPPATH\Views\libros\listar.php on line 23.
 1 APPPATH\Views\libros\listar.php(23): CodeIgniter\Debug\Exceptions->errorHandler(2, 'Invalid argument supplied for foreach()', 'C:\\xampp\\htdocs\\bibliotecaCI\\app\\Views\\libros\\listar.php', 23, [])
 2 SYSTEMPATH\View\View.php(213): include('C:\\xampp\\htdocs\\bibliotecaCI\\app\\Views\\libros\\listar.php')
 3 SYSTEMPATH\View\View.php(216): CodeIgniter\View\View->CodeIgniter\View\{closure}()
 4 SYSTEMPATH\Common.php(1184): CodeIgniter\View\View->render('libros/listar', [], true)
 5 APPPATH\Controllers\Home.php(9): view('libros/listar')
 6 SYSTEMPATH\CodeIgniter.php(934): App\Controllers\Home->index()
 7 SYSTEMPATH\CodeIgniter.php(499): CodeIgniter\CodeIgniter->runController(Object(App\Controllers\Home))
 8 SYSTEMPATH\CodeIgniter.php(368): CodeIgniter\CodeIgniter->handleRequest(null, Object(Config\Cache), false)
 9 FCPATH\index.php(67): CodeIgniter\CodeIgniter->run()
CRITICAL - 2023-04-22 20:31:54 --> Invalid argument supplied for foreach()
in APPPATH\Views\libros\listar.php on line 23.
 1 APPPATH\Views\libros\listar.php(23): CodeIgniter\Debug\Exceptions->errorHandler(2, 'Invalid argument supplied for foreach()', 'C:\\xampp\\htdocs\\bibliotecaCI\\app\\Views\\libros\\listar.php', 23, [])
 2 SYSTEMPATH\View\View.php(213): include('C:\\xampp\\htdocs\\bibliotecaCI\\app\\Views\\libros\\listar.php')
 3 SYSTEMPATH\View\View.php(216): CodeIgniter\View\View->CodeIgniter\View\{closure}()
 4 SYSTEMPATH\Common.php(1184): CodeIgniter\View\View->render('libros/listar', [], true)
 5 APPPATH\Controllers\Home.php(9): view('libros/listar')
 6 SYSTEMPATH\CodeIgniter.php(934): App\Controllers\Home->index()
 7 SYSTEMPATH\CodeIgniter.php(499): CodeIgniter\CodeIgniter->runController(Object(App\Controllers\Home))
 8 SYSTEMPATH\CodeIgniter.php(368): CodeIgniter\CodeIgniter->handleRequest(null, Object(Config\Cache), false)
 9 FCPATH\index.php(67): CodeIgniter\CodeIgniter->run()
CRITICAL - 2023-04-22 20:31:55 --> Invalid argument supplied for foreach()
in APPPATH\Views\libros\listar.php on line 23.
 1 APPPATH\Views\libros\listar.php(23): CodeIgniter\Debug\Exceptions->errorHandler(2, 'Invalid argument supplied for foreach()', 'C:\\xampp\\htdocs\\bibliotecaCI\\app\\Views\\libros\\listar.php', 23, [])
 2 SYSTEMPATH\View\View.php(213): include('C:\\xampp\\htdocs\\bibliotecaCI\\app\\Views\\libros\\listar.php')
 3 SYSTEMPATH\View\View.php(216): CodeIgniter\View\View->CodeIgniter\View\{closure}()
 4 SYSTEMPATH\Common.php(1184): CodeIgniter\View\View->render('libros/listar', [], true)
 5 APPPATH\Controllers\Home.php(9): view('libros/listar')
 6 SYSTEMPATH\CodeIgniter.php(934): App\Controllers\Home->index()
 7 SYSTEMPATH\CodeIgniter.php(499): CodeIgniter\CodeIgniter->runController(Object(App\Controllers\Home))
 8 SYSTEMPATH\CodeIgniter.php(368): CodeIgniter\CodeIgniter->handleRequest(null, Object(Config\Cache), false)
 9 FCPATH\index.php(67): CodeIgniter\CodeIgniter->run()
CRITICAL - 2023-04-22 20:32:22 --> Invalid argument supplied for foreach()
in APPPATH\Views\libros\listar.php on line 23.
 1 APPPATH\Views\libros\listar.php(23): CodeIgniter\Debug\Exceptions->errorHandler(2, 'Invalid argument supplied for foreach()', 'C:\\xampp\\htdocs\\bibliotecaCI\\app\\Views\\libros\\listar.php', 23, [])
 2 SYSTEMPATH\View\View.php(213): include('C:\\xampp\\htdocs\\bibliotecaCI\\app\\Views\\libros\\listar.php')
 3 SYSTEMPATH\View\View.php(216): CodeIgniter\View\View->CodeIgniter\View\{closure}()
 4 SYSTEMPATH\Common.php(1184): CodeIgniter\View\View->render('libros/listar', [], true)
 5 APPPATH\Controllers\Home.php(9): view('libros/listar')
 6 SYSTEMPATH\CodeIgniter.php(934): App\Controllers\Home->index()
 7 SYSTEMPATH\CodeIgniter.php(499): CodeIgniter\CodeIgniter->runController(Object(App\Controllers\Home))
 8 SYSTEMPATH\CodeIgniter.php(368): CodeIgniter\CodeIgniter->handleRequest(null, Object(Config\Cache), false)
 9 FCPATH\index.php(67): CodeIgniter\CodeIgniter->run()
CRITICAL - 2023-04-22 20:32:23 --> Invalid argument supplied for foreach()
in APPPATH\Views\libros\listar.php on line 23.
 1 APPPATH\Views\libros\listar.php(23): CodeIgniter\Debug\Exceptions->errorHandler(2, 'Invalid argument supplied for foreach()', 'C:\\xampp\\htdocs\\bibliotecaCI\\app\\Views\\libros\\listar.php', 23, [])
 2 SYSTEMPATH\View\View.php(213): include('C:\\xampp\\htdocs\\bibliotecaCI\\app\\Views\\libros\\listar.php')
 3 SYSTEMPATH\View\View.php(216): CodeIgniter\View\View->CodeIgniter\View\{closure}()
 4 SYSTEMPATH\Common.php(1184): CodeIgniter\View\View->render('libros/listar', [], true)
 5 APPPATH\Controllers\Home.php(9): view('libros/listar')
 6 SYSTEMPATH\CodeIgniter.php(934): App\Controllers\Home->index()
 7 SYSTEMPATH\CodeIgniter.php(499): CodeIgniter\CodeIgniter->runController(Object(App\Controllers\Home))
 8 SYSTEMPATH\CodeIgniter.php(368): CodeIgniter\CodeIgniter->handleRequest(null, Object(Config\Cache), false)
 9 FCPATH\index.php(67): CodeIgniter\CodeIgniter->run()
CRITICAL - 2023-04-22 20:32:28 --> Invalid argument supplied for foreach()
in APPPATH\Views\libros\listar.php on line 23.
 1 APPPATH\Views\libros\listar.php(23): CodeIgniter\Debug\Exceptions->errorHandler(2, 'Invalid argument supplied for foreach()', 'C:\\xampp\\htdocs\\bibliotecaCI\\app\\Views\\libros\\listar.php', 23, [])
 2 SYSTEMPATH\View\View.php(213): include('C:\\xampp\\htdocs\\bibliotecaCI\\app\\Views\\libros\\listar.php')
 3 SYSTEMPATH\View\View.php(216): CodeIgniter\View\View->CodeIgniter\View\{closure}()
 4 SYSTEMPATH\Common.php(1184): CodeIgniter\View\View->render('libros/listar', [], true)
 5 APPPATH\Controllers\Home.php(9): view('libros/listar')
 6 SYSTEMPATH\CodeIgniter.php(934): App\Controllers\Home->index()
 7 SYSTEMPATH\CodeIgniter.php(499): CodeIgniter\CodeIgniter->runController(Object(App\Controllers\Home))
 8 SYSTEMPATH\CodeIgniter.php(368): CodeIgniter\CodeIgniter->handleRequest(null, Object(Config\Cache), false)
 9 FCPATH\index.php(67): CodeIgniter\CodeIgniter->run()
CRITICAL - 2023-04-22 20:37:04 --> Invalid argument supplied for foreach()
in APPPATH\Views\libros\listar.php on line 24.
 1 APPPATH\Views\libros\listar.php(24): CodeIgniter\Debug\Exceptions->errorHandler(2, 'Invalid argument supplied for foreach()', 'C:\\xampp\\htdocs\\bibliotecaCI\\app\\Views\\libros\\listar.php', 24, [])
 2 SYSTEMPATH\View\View.php(213): include('C:\\xampp\\htdocs\\bibliotecaCI\\app\\Views\\libros\\listar.php')
 3 SYSTEMPATH\View\View.php(216): CodeIgniter\View\View->CodeIgniter\View\{closure}()
 4 SYSTEMPATH\Common.php(1184): CodeIgniter\View\View->render('libros/listar', [], true)
 5 APPPATH\Controllers\Home.php(9): view('libros/listar')
 6 SYSTEMPATH\CodeIgniter.php(934): App\Controllers\Home->index()
 7 SYSTEMPATH\CodeIgniter.php(499): CodeIgniter\CodeIgniter->runController(Object(App\Controllers\Home))
 8 SYSTEMPATH\CodeIgniter.php(368): CodeIgniter\CodeIgniter->handleRequest(null, Object(Config\Cache), false)
 9 FCPATH\index.php(67): CodeIgniter\CodeIgniter->run()
CRITICAL - 2023-04-22 20:37:24 --> Invalid argument supplied for foreach()
in APPPATH\Views\libros\listar.php on line 24.
 1 APPPATH\Views\libros\listar.php(24): CodeIgniter\Debug\Exceptions->errorHandler(2, 'Invalid argument supplied for foreach()', 'C:\\xampp\\htdocs\\bibliotecaCI\\app\\Views\\libros\\listar.php', 24, [])
 2 SYSTEMPATH\View\View.php(213): include('C:\\xampp\\htdocs\\bibliotecaCI\\app\\Views\\libros\\listar.php')
 3 SYSTEMPATH\View\View.php(216): CodeIgniter\View\View->CodeIgniter\View\{closure}()
 4 SYSTEMPATH\Common.php(1184): CodeIgniter\View\View->render('libros/listar', [], true)
 5 APPPATH\Controllers\Home.php(9): view('libros/listar')
 6 SYSTEMPATH\CodeIgniter.php(934): App\Controllers\Home->index()
 7 SYSTEMPATH\CodeIgniter.php(499): CodeIgniter\CodeIgniter->runController(Object(App\Controllers\Home))
 8 SYSTEMPATH\CodeIgniter.php(368): CodeIgniter\CodeIgniter->handleRequest(null, Object(Config\Cache), false)
 9 FCPATH\index.php(67): CodeIgniter\CodeIgniter->run()
CRITICAL - 2023-04-22 20:37:25 --> Invalid argument supplied for foreach()
in APPPATH\Views\libros\listar.php on line 24.
 1 APPPATH\Views\libros\listar.php(24): CodeIgniter\Debug\Exceptions->errorHandler(2, 'Invalid argument supplied for foreach()', 'C:\\xampp\\htdocs\\bibliotecaCI\\app\\Views\\libros\\listar.php', 24, [])
 2 SYSTEMPATH\View\View.php(213): include('C:\\xampp\\htdocs\\bibliotecaCI\\app\\Views\\libros\\listar.php')
 3 SYSTEMPATH\View\View.php(216): CodeIgniter\View\View->CodeIgniter\View\{closure}()
 4 SYSTEMPATH\Common.php(1184): CodeIgniter\View\View->render('libros/listar', [], true)
 5 APPPATH\Controllers\Home.php(9): view('libros/listar')
 6 SYSTEMPATH\CodeIgniter.php(934): App\Controllers\Home->index()
 7 SYSTEMPATH\CodeIgniter.php(499): CodeIgniter\CodeIgniter->runController(Object(App\Controllers\Home))
 8 SYSTEMPATH\CodeIgniter.php(368): CodeIgniter\CodeIgniter->handleRequest(null, Object(Config\Cache), false)
 9 FCPATH\index.php(67): CodeIgniter\CodeIgniter->run()
CRITICAL - 2023-04-22 20:37:30 --> Invalid argument supplied for foreach()
in APPPATH\Views\libros\listar.php on line 24.
 1 APPPATH\Views\libros\listar.php(24): CodeIgniter\Debug\Exceptions->errorHandler(2, 'Invalid argument supplied for foreach()', 'C:\\xampp\\htdocs\\bibliotecaCI\\app\\Views\\libros\\listar.php', 24, [])
 2 SYSTEMPATH\View\View.php(213): include('C:\\xampp\\htdocs\\bibliotecaCI\\app\\Views\\libros\\listar.php')
 3 SYSTEMPATH\View\View.php(216): CodeIgniter\View\View->CodeIgniter\View\{closure}()
 4 SYSTEMPATH\Common.php(1184): CodeIgniter\View\View->render('libros/listar', [], true)
 5 APPPATH\Controllers\Home.php(9): view('libros/listar')
 6 SYSTEMPATH\CodeIgniter.php(934): App\Controllers\Home->index()
 7 SYSTEMPATH\CodeIgniter.php(499): CodeIgniter\CodeIgniter->runController(Object(App\Controllers\Home))
 8 SYSTEMPATH\CodeIgniter.php(368): CodeIgniter\CodeIgniter->handleRequest(null, Object(Config\Cache), false)
 9 FCPATH\index.php(67): CodeIgniter\CodeIgniter->run()
CRITICAL - 2023-04-22 20:37:46 --> Invalid argument supplied for foreach()
in APPPATH\Views\libros\listar.php on line 24.
 1 APPPATH\Views\libros\listar.php(24): CodeIgniter\Debug\Exceptions->errorHandler(2, 'Invalid argument supplied for foreach()', 'C:\\xampp\\htdocs\\bibliotecaCI\\app\\Views\\libros\\listar.php', 24, [])
 2 SYSTEMPATH\View\View.php(213): include('C:\\xampp\\htdocs\\bibliotecaCI\\app\\Views\\libros\\listar.php')
 3 SYSTEMPATH\View\View.php(216): CodeIgniter\View\View->CodeIgniter\View\{closure}()
 4 SYSTEMPATH\Common.php(1184): CodeIgniter\View\View->render('libros/listar', [], true)
 5 APPPATH\Controllers\Home.php(9): view('libros/listar')
 6 SYSTEMPATH\CodeIgniter.php(934): App\Controllers\Home->index()
 7 SYSTEMPATH\CodeIgniter.php(499): CodeIgniter\CodeIgniter->runController(Object(App\Controllers\Home))
 8 SYSTEMPATH\CodeIgniter.php(368): CodeIgniter\CodeIgniter->handleRequest(null, Object(Config\Cache), false)
 9 FCPATH\index.php(67): CodeIgniter\CodeIgniter->run()
CRITICAL - 2023-04-22 20:37:47 --> Invalid argument supplied for foreach()
in APPPATH\Views\libros\listar.php on line 24.
 1 APPPATH\Views\libros\listar.php(24): CodeIgniter\Debug\Exceptions->errorHandler(2, 'Invalid argument supplied for foreach()', 'C:\\xampp\\htdocs\\bibliotecaCI\\app\\Views\\libros\\listar.php', 24, [])
 2 SYSTEMPATH\View\View.php(213): include('C:\\xampp\\htdocs\\bibliotecaCI\\app\\Views\\libros\\listar.php')
 3 SYSTEMPATH\View\View.php(216): CodeIgniter\View\View->CodeIgniter\View\{closure}()
 4 SYSTEMPATH\Common.php(1184): CodeIgniter\View\View->render('libros/listar', [], true)
 5 APPPATH\Controllers\Home.php(9): view('libros/listar')
 6 SYSTEMPATH\CodeIgniter.php(934): App\Controllers\Home->index()
 7 SYSTEMPATH\CodeIgniter.php(499): CodeIgniter\CodeIgniter->runController(Object(App\Controllers\Home))
 8 SYSTEMPATH\CodeIgniter.php(368): CodeIgniter\CodeIgniter->handleRequest(null, Object(Config\Cache), false)
 9 FCPATH\index.php(67): CodeIgniter\CodeIgniter->run()
CRITICAL - 2023-04-22 20:37:51 --> Invalid argument supplied for foreach()
in APPPATH\Views\libros\listar.php on line 24.
 1 APPPATH\Views\libros\listar.php(24): CodeIgniter\Debug\Exceptions->errorHandler(2, 'Invalid argument supplied for foreach()', 'C:\\xampp\\htdocs\\bibliotecaCI\\app\\Views\\libros\\listar.php', 24, [])
 2 SYSTEMPATH\View\View.php(213): include('C:\\xampp\\htdocs\\bibliotecaCI\\app\\Views\\libros\\listar.php')
 3 SYSTEMPATH\View\View.php(216): CodeIgniter\View\View->CodeIgniter\View\{closure}()
 4 SYSTEMPATH\Common.php(1184): CodeIgniter\View\View->render('libros/listar', [], true)
 5 APPPATH\Controllers\Home.php(9): view('libros/listar')
 6 SYSTEMPATH\CodeIgniter.php(934): App\Controllers\Home->index()
 7 SYSTEMPATH\CodeIgniter.php(499): CodeIgniter\CodeIgniter->runController(Object(App\Controllers\Home))
 8 SYSTEMPATH\CodeIgniter.php(368): CodeIgniter\CodeIgniter->handleRequest(null, Object(Config\Cache), false)
 9 FCPATH\index.php(67): CodeIgniter\CodeIgniter->run()
CRITICAL - 2023-04-22 20:38:01 --> Invalid argument supplied for foreach()
in APPPATH\Views\libros\listar.php on line 24.
 1 APPPATH\Views\libros\listar.php(24): CodeIgniter\Debug\Exceptions->errorHandler(2, 'Invalid argument supplied for foreach()', 'C:\\xampp\\htdocs\\bibliotecaCI\\app\\Views\\libros\\listar.php', 24, [])
 2 SYSTEMPATH\View\View.php(213): include('C:\\xampp\\htdocs\\bibliotecaCI\\app\\Views\\libros\\listar.php')
 3 SYSTEMPATH\View\View.php(216): CodeIgniter\View\View->CodeIgniter\View\{closure}()
 4 SYSTEMPATH\Common.php(1184): CodeIgniter\View\View->render('libros/listar', [], true)
 5 APPPATH\Controllers\Home.php(9): view('libros/listar')
 6 SYSTEMPATH\CodeIgniter.php(934): App\Controllers\Home->index()
 7 SYSTEMPATH\CodeIgniter.php(499): CodeIgniter\CodeIgniter->runController(Object(App\Controllers\Home))
 8 SYSTEMPATH\CodeIgniter.php(368): CodeIgniter\CodeIgniter->handleRequest(null, Object(Config\Cache), false)
 9 FCPATH\index.php(67): CodeIgniter\CodeIgniter->run()
CRITICAL - 2023-04-22 20:39:37 --> Invalid argument supplied for foreach()
in APPPATH\Views\libros\listar.php on line 24.
 1 APPPATH\Views\libros\listar.php(24): CodeIgniter\Debug\Exceptions->errorHandler(2, 'Invalid argument supplied for foreach()', 'C:\\xampp\\htdocs\\bibliotecaCI\\app\\Views\\libros\\listar.php', 24, [])
 2 SYSTEMPATH\View\View.php(213): include('C:\\xampp\\htdocs\\bibliotecaCI\\app\\Views\\libros\\listar.php')
 3 SYSTEMPATH\View\View.php(216): CodeIgniter\View\View->CodeIgniter\View\{closure}()
 4 SYSTEMPATH\Common.php(1184): CodeIgniter\View\View->render('libros/listar', [], true)
 5 APPPATH\Controllers\Home.php(9): view('libros/listar')
 6 SYSTEMPATH\CodeIgniter.php(934): App\Controllers\Home->index()
 7 SYSTEMPATH\CodeIgniter.php(499): CodeIgniter\CodeIgniter->runController(Object(App\Controllers\Home))
 8 SYSTEMPATH\CodeIgniter.php(368): CodeIgniter\CodeIgniter->handleRequest(null, Object(Config\Cache), false)
 9 FCPATH\index.php(67): CodeIgniter\CodeIgniter->run()
ERROR - 2023-04-22 22:19:49 --> Error connecting to the database: mysqli_sql_exception: Access denied for user 'root'@'localhost' (using password: YES) in C:\xampp\htdocs\bibliotecaCI\system\Database\MySQLi\Connection.php:174
Stack trace:
#0 C:\xampp\htdocs\bibliotecaCI\system\Database\MySQLi\Connection.php(174): mysqli->real_connect('localhost', 'root', ' ', 'bibliotecaci', 3306, '', 0)
#1 C:\xampp\htdocs\bibliotecaCI\system\Database\BaseConnection.php(391): CodeIgniter\Database\MySQLi\Connection->connect(false)
#2 C:\xampp\htdocs\bibliotecaCI\system\Database\BaseConnection.php(573): CodeIgniter\Database\BaseConnection->initialize()
#3 C:\xampp\htdocs\bibliotecaCI\system\Database\BaseBuilder.php(1616): CodeIgniter\Database\BaseConnection->query('SELECT *\nFROM `...', Array, false)
#4 C:\xampp\htdocs\bibliotecaCI\system\Model.php(241): CodeIgniter\Database\BaseBuilder->get()
#5 C:\xampp\htdocs\bibliotecaCI\system\BaseModel.php(618): CodeIgniter\Model->doFindAll(0, 0)
#6 C:\xampp\htdocs\bibliotecaCI\app\Controllers\Libros.php(11): CodeIgniter\BaseModel->findAll()
#7 C:\xampp\htdocs\bibliotecaCI\system\CodeIgniter.php(934): App\Controllers\Libros->index()
#8 C:\xampp\htdocs\bibliotecaCI\system\CodeIgniter.php(499): CodeIgniter\CodeIgniter->runController(Object(App\Controllers\Libros))
#9 C:\xampp\htdocs\bibliotecaCI\system\CodeIgniter.php(368): CodeIgniter\CodeIgniter->handleRequest(NULL, Object(Config\Cache), false)
#10 C:\xampp\htdocs\bibliotecaCI\public\index.php(67): CodeIgniter\CodeIgniter->run()
#11 {main}

Next CodeIgniter\Database\Exceptions\DatabaseException: Access****denied****for****user****'****'@'localhost'****(using****password:****YES) in C:\xampp\htdocs\bibliotecaCI\system\Database\MySQLi\Connection.php:218
Stack trace:
#0 C:\xampp\htdocs\bibliotecaCI\system\Database\BaseConnection.php(391): CodeIgniter\Database\MySQLi\Connection->connect(false)
#1 C:\xampp\htdocs\bibliotecaCI\system\Database\BaseConnection.php(573): CodeIgniter\Database\BaseConnection->initialize()
#2 C:\xampp\htdocs\bibliotecaCI\system\Database\BaseBuilder.php(1616): CodeIgniter\Database\BaseConnection->query('SELECT *\nFROM `...', Array, false)
#3 C:\xampp\htdocs\bibliotecaCI\system\Model.php(241): CodeIgniter\Database\BaseBuilder->get()
#4 C:\xampp\htdocs\bibliotecaCI\system\BaseModel.php(618): CodeIgniter\Model->doFindAll(0, 0)
#5 C:\xampp\htdocs\bibliotecaCI\app\Controllers\Libros.php(11): CodeIgniter\BaseModel->findAll()
#6 C:\xampp\htdocs\bibliotecaCI\system\CodeIgniter.php(934): App\Controllers\Libros->index()
#7 C:\xampp\htdocs\bibliotecaCI\system\CodeIgniter.php(499): CodeIgniter\CodeIgniter->runController(Object(App\Controllers\Libros))
#8 C:\xampp\htdocs\bibliotecaCI\system\CodeIgniter.php(368): CodeIgniter\CodeIgniter->handleRequest(NULL, Object(Config\Cache), false)
#9 C:\xampp\htdocs\bibliotecaCI\public\index.php(67): CodeIgniter\CodeIgniter->run()
#10 {main}
CRITICAL - 2023-04-22 22:19:49 --> Unable to connect to the database.
Main connection [MySQLi]: Access****denied****for****user****'****'@'localhost'****(using****password:****YES)
in SYSTEMPATH\Database\BaseConnection.php on line 427.
 1 SYSTEMPATH\Database\BaseConnection.php(573): CodeIgniter\Database\BaseConnection->initialize()
 2 SYSTEMPATH\Database\BaseBuilder.php(1616): CodeIgniter\Database\BaseConnection->query('SELECT *
FROM `libros`
ORDER BY `id` ASC', [], false)
 3 SYSTEMPATH\Model.php(241): CodeIgniter\Database\BaseBuilder->get()
 4 SYSTEMPATH\BaseModel.php(618): CodeIgniter\Model->doFindAll(0, 0)
 5 APPPATH\Controllers\Libros.php(11): CodeIgniter\BaseModel->findAll()
 6 SYSTEMPATH\CodeIgniter.php(934): App\Controllers\Libros->index()
 7 SYSTEMPATH\CodeIgniter.php(499): CodeIgniter\CodeIgniter->runController(Object(App\Controllers\Libros))
 8 SYSTEMPATH\CodeIgniter.php(368): CodeIgniter\CodeIgniter->handleRequest(null, Object(Config\Cache), false)
 9 FCPATH\index.php(67): CodeIgniter\CodeIgniter->run()
CRITICAL - 2023-04-22 22:34:48 --> Invalid file: "templates/cabecera.php"
in SYSTEMPATH\Exceptions\FrameworkException.php on line 33.
 1 SYSTEMPATH\View\View.php(201): CodeIgniter\Exceptions\FrameworkException::forInvalidFile('templates/cabecera.php')
 2 SYSTEMPATH\Common.php(1184): CodeIgniter\View\View->render('templates/cabecera', [], true)
 3 APPPATH\Controllers\Libros.php(13): view('templates/cabecera')
 4 SYSTEMPATH\CodeIgniter.php(934): App\Controllers\Libros->index()
 5 SYSTEMPATH\CodeIgniter.php(499): CodeIgniter\CodeIgniter->runController(Object(App\Controllers\Libros))
 6 SYSTEMPATH\CodeIgniter.php(368): CodeIgniter\CodeIgniter->handleRequest(null, Object(Config\Cache), false)
 7 FCPATH\index.php(67): CodeIgniter\CodeIgniter->run()
